<?xml version="1.0" encoding="UTF-8"?>
<!-- Generated by org.testng.reporters.JUnitXMLReporter -->
<testsuite hostname="sss-PC" ignored="0" name="Add Customer Test" tests="4" failures="0" timestamp="21 Aug 2020 16:05:44 GMT" time="36.673" errors="0">
  <testcase name="addCustomerTest" time="27.942" classname="com.SP.testcases.AddCustomerTest"/>
  <testcase name="addCustomerTest" time="0.003" classname="com.SP.testcases.AddCustomerTest">
    <skipped/>
  </testcase> <!-- addCustomerTest -->
  <testcase name="addCustomerTest" time="7.718" classname="com.SP.testcases.AddCustomerTest"/>
  <testcase name="addCustomerTest" time="0.612" classname="com.SP.testcases.AddCustomerTest"/>
</testsuite> <!-- Add Customer Test -->
